FAILED TEST LOG
  ✘ You should enter the suggested command

TypeError: Cannot read properties of undefined (reading 'op')
at Context.<anonymous> (test/290.test.js:15:135)
FAILED TEST LOG
  ✘ You should enter the suggested command

AssertionError [ERR_ASSERTION]: The expression evaluated to a falsy value:

assert(lastCommand[0] === './script.sh' && lastCommand[1].op === '<' && lastCommand[2] === 'name.txt')

at Context.<anonymous> (test/300.test.js:8:5)
FAILED TEST LOG
  ✘ You should enter the suggested command

TypeError: Cannot read properties of undefined (reading 'op')
at Context.<anonymous> (test/300.test.js:8:63)
FAILED TEST LOG
  ✘ You should enter the suggested command

AssertionError [ERR_ASSERTION]: The expression evaluated to a falsy value:

assert(lastCommand[0] === './script.sh' && lastCommand[1].op === '<' && lastCommand[2] === 'name.txt')

at Context.<anonymous> (test/300.test.js:8:5)
FAILED TEST LOG
  ✘ You should enter the suggested command

AssertionError [ERR_ASSERTION]: The expression evaluated to a falsy value:

assert(correctCommand && correctRedirect && /freeCodeCamp/g.test(fileContents))

at Context.<anonymous> (test/320.test.js:18:5)
FAILED TEST LOG
  ✘ You should enter the suggested command

AssertionError [ERR_ASSERTION]: The expression evaluated to a falsy value:

assert(correctCommand && correctRedirect && /freeCodeCamp/g.test(fileContents))

at Context.<anonymous> (test/320.test.js:18:5)
FAILED TEST LOG
  ✘ You should enter the suggested command

AssertionError [ERR_ASSERTION]: The expression evaluated to a falsy value:

assert(correctCommand && correctRedirect && /freeCodeCamp/g.test(fileContents))

at Context.<anonymous> (test/320.test.js:18:5)
